<?xml version="1.0" encoding="UTF-8"?>
<!-- Generated by org.testng.reporters.JUnitReportReporter -->
<testsuite skipped="0" hostname="RESHMA-BODAPATI" name="com.testNG.Priority_TestNG" tests="5" failures="0" timestamp="2021-06-10T02:10:01 IST" time="0.019" errors="0">
  <testcase name="starttheCar" time="0.013" classname="com.testNG.Priority_TestNG"/>
  <testcase name="firstGear" time="0.002" classname="com.testNG.Priority_TestNG"/>
  <testcase name="secondGear" time="0.002" classname="com.testNG.Priority_TestNG"/>
  <testcase name="stoptheCar" time="0.001" classname="com.testNG.Priority_TestNG"/>
  <testcase name="keyOff" time="0.001" classname="com.testNG.Priority_TestNG"/>
</testsuite> <!-- com.testNG.Priority_TestNG -->
