<?xml version="1.0" encoding="UTF-8"?>
<!-- Generated by org.testng.reporters.JUnitReportReporter -->
<testsuite skipped="0" hostname="RESHMA-BODAPATI" name="com.testNG.Exception_TestNG" tests="1" failures="0" timestamp="2021-06-10T16:32:41 IST" time="0.010" errors="0">
  <testcase name="divide" time="0.010" classname="com.testNG.Exception_TestNG"/>
</testsuite> <!-- com.testNG.Exception_TestNG -->
