<?xml version="1.0" encoding="UTF-8"?>
<!-- Generated by org.testng.reporters.JUnitReportReporter -->
<testsuite skipped="0" hostname="RESHMA-BODAPATI" name="com.testNG.Exception_Test" tests="1" failures="0" timestamp="2021-06-10T12:41:12 IST" time="0.011" errors="0">
  <testcase name="divide" time="0.011" classname="com.testNG.Exception_Test"/>
</testsuite> <!-- com.testNG.Exception_Test -->
