<?xml version="1.0" encoding="UTF-8"?>
<!-- Generated by org.testng.reporters.JUnitReportReporter -->
<testsuite skipped="0" hostname="RESHMA-BODAPATI" name="com.testNG.Grouping_Test" tests="4" failures="0" timestamp="2021-06-10T12:51:52 IST" time="0.014" errors="0">
  <testcase name="red" time="0.002" classname="com.testNG.Grouping_Test"/>
  <testcase name="red1" time="0.001" classname="com.testNG.Grouping_Test"/>
  <testcase name="black1" time="0.002" classname="com.testNG.Grouping_Test"/>
  <testcase name="black" time="0.009" classname="com.testNG.Grouping_Test"/>
</testsuite> <!-- com.testNG.Grouping_Test -->
