<?xml version="1.0" encoding="UTF-8"?>
<!-- Generated by org.testng.reporters.JUnitReportReporter -->
<testsuite skipped="2" hostname="RESHMA-BODAPATI" name="com.testNG.Ignore_TestNG" tests="3" failures="0" timestamp="2021-06-12T12:25:13 IST" time="0.014" errors="0">
  <testcase name="yellow" time="0.014" classname="com.testNG.Ignore_TestNG"/>
  <testcase name="red" classname="com.testNG.Ignore_TestNG">
    <skipped/>
  </testcase> <!-- red -->
  <testcase name="gren" classname="com.testNG.Ignore_TestNG">
    <skipped/>
  </testcase> <!-- gren -->
</testsuite> <!-- com.testNG.Ignore_TestNG -->
