<?xml version="1.0" encoding="UTF-8"?>
<!-- Generated by org.testng.reporters.JUnitReportReporter -->
<testsuite skipped="0" hostname="RESHMA-BODAPATI" name="com.testNG.Car_Driving" tests="5" failures="0" timestamp="2021-06-09T12:00:47 IST" time="0.016" errors="0">
  <testcase name="starttheCar" time="0.011" classname="com.testNG.Car_Driving"/>
  <testcase name="firstGear" time="0.001" classname="com.testNG.Car_Driving"/>
  <testcase name="secondGear" time="0.002" classname="com.testNG.Car_Driving"/>
  <testcase name="stoptheCar" time="0.001" classname="com.testNG.Car_Driving"/>
  <testcase name="keyOff" time="0.001" classname="com.testNG.Car_Driving"/>
</testsuite> <!-- com.testNG.Car_Driving -->
