<?xml version="1.0" encoding="UTF-8"?>
<!-- Generated by org.testng.reporters.JUnitReportReporter -->
<testsuite skipped="0" hostname="RESHMA-BODAPATI" name="com.testNG.Parameter_Dataprovider_TestNG" tests="4" failures="0" timestamp="2021-06-11T12:40:03 IST" time="0.013" errors="0">
  <testcase name="login" time="0.002" classname="com.testNG.Parameter_Dataprovider_TestNG"/>
  <testcase name="login" time="0.009" classname="com.testNG.Parameter_Dataprovider_TestNG"/>
  <testcase name="login" time="0.001" classname="com.testNG.Parameter_Dataprovider_TestNG"/>
  <testcase name="login" time="0.001" classname="com.testNG.Parameter_Dataprovider_TestNG"/>
</testsuite> <!-- com.testNG.Parameter_Dataprovider_TestNG -->
