<?xml version="1.0" encoding="UTF-8"?>
<!-- Generated by org.testng.reporters.JUnitReportReporter -->
<testsuite skipped="0" hostname="RESHMA-BODAPATI" name="com.testNG.Parallel_TestNG" tests="2" failures="0" timestamp="2021-06-13T23:28:09 IST" time="15.774" errors="0">
  <testcase name="twitter" time="5.518" classname="com.testNG.Parallel_TestNG"/>
  <testcase name="facebook" time="10.256" classname="com.testNG.Parallel_TestNG"/>
</testsuite> <!-- com.testNG.Parallel_TestNG -->
