<?xml version="1.0" encoding="UTF-8"?>
<!-- Generated by org.testng.reporters.JUnitReportReporter -->
<testsuite skipped="0" hostname="RESHMA-BODAPATI" name="com.testNG.Dependency_TestNG" tests="4" failures="0" timestamp="2021-06-10T02:23:26 IST" time="0.014" errors="0">
  <testcase name="browserLaunch" time="0.002" classname="com.testNG.Dependency_TestNG"/>
  <testcase name="login" time="0.001" classname="com.testNG.Dependency_TestNG"/>
  <testcase name="url" time="0.010" classname="com.testNG.Dependency_TestNG"/>
  <testcase name="searchMobiles" time="0.001" classname="com.testNG.Dependency_TestNG"/>
</testsuite> <!-- com.testNG.Dependency_TestNG -->
