<?xml version="1.0" encoding="UTF-8"?>
<!-- Generated by org.testng.reporters.JUnitReportReporter -->
<testsuite skipped="0" hostname="RESHMA-BODAPATI" name="com.testNG.Grouping_TestNG" tests="4" failures="0" timestamp="2021-06-11T21:37:35 IST" time="0.015" errors="0">
  <testcase name="red" time="0.001" classname="com.testNG.Grouping_TestNG"/>
  <testcase name="red1" time="0.002" classname="com.testNG.Grouping_TestNG"/>
  <testcase name="black1" time="0.001" classname="com.testNG.Grouping_TestNG"/>
  <testcase name="black" time="0.011" classname="com.testNG.Grouping_TestNG"/>
</testsuite> <!-- com.testNG.Grouping_TestNG -->
