<?xml version="1.0" encoding="UTF-8"?>
<!-- Generated by org.testng.reporters.JUnitReportReporter -->
<testsuite skipped="0" hostname="RESHMA-BODAPATI" name="com.testNG.Parameter_TestNG" tests="2" failures="0" timestamp="2021-06-11T22:15:54 IST" time="0.013" errors="0">
  <testcase name="empUserName" time="0.001" classname="com.testNG.Parameter_TestNG"/>
  <testcase name="empPassword" time="0.012" classname="com.testNG.Parameter_TestNG"/>
</testsuite> <!-- com.testNG.Parameter_TestNG -->
