<?xml version="1.0" encoding="UTF-8"?>
<!-- Generated by org.testng.reporters.JUnitReportReporter -->
<testsuite skipped="0" hostname="RESHMA-BODAPATI" name="com.testNG.Browser_Launch" tests="2" failures="0" timestamp="2021-06-10T00:56:26 IST" time="0.008" errors="0">
  <testcase name="addtoCart" time="0.007" classname="com.testNG.Browser_Launch"/>
  <testcase name="iphoneSearch" time="0.001" classname="com.testNG.Browser_Launch"/>
</testsuite> <!-- com.testNG.Browser_Launch -->
