<?xml version="1.0" encoding="UTF-8"?>
<!-- Generated by org.testng.reporters.JUnitReportReporter -->
<testsuite skipped="0" hostname="RESHMA-BODAPATI" name="com.testNG.Multiple_Times" tests="8" failures="0" timestamp="2021-06-09T12:28:46 IST" time="0.019" errors="0">
  <testcase name="searchLaptop" time="0.000" classname="com.testNG.Multiple_Times"/>
  <testcase name="searchLaptop" time="0.001" classname="com.testNG.Multiple_Times"/>
  <testcase name="searchMobile" time="0.001" classname="com.testNG.Multiple_Times"/>
  <testcase name="searchLaptop" time="0.012" classname="com.testNG.Multiple_Times"/>
  <testcase name="searchLaptop" time="0.002" classname="com.testNG.Multiple_Times"/>
  <testcase name="searchLaptop" time="0.001" classname="com.testNG.Multiple_Times"/>
  <testcase name="searchMobile" time="0.001" classname="com.testNG.Multiple_Times"/>
  <testcase name="searchMobile" time="0.001" classname="com.testNG.Multiple_Times"/>
</testsuite> <!-- com.testNG.Multiple_Times -->
