<?xml version="1.0" encoding="UTF-8"?>
<!-- Generated by org.testng.reporters.JUnitReportReporter -->
<testsuite skipped="0" hostname="RESHMA-BODAPATI" name="com.testNG.Invocation_Multipletimes_TestNG" tests="8" failures="0" timestamp="2021-06-10T02:15:52 IST" time="0.017" errors="0">
  <testcase name="searchLaptop" time="0.001" classname="com.testNG.Invocation_Multipletimes_TestNG"/>
  <testcase name="searchLaptop" time="0.001" classname="com.testNG.Invocation_Multipletimes_TestNG"/>
  <testcase name="searchMobile" time="0.001" classname="com.testNG.Invocation_Multipletimes_TestNG"/>
  <testcase name="searchLaptop" time="0.009" classname="com.testNG.Invocation_Multipletimes_TestNG"/>
  <testcase name="searchLaptop" time="0.001" classname="com.testNG.Invocation_Multipletimes_TestNG"/>
  <testcase name="searchLaptop" time="0.002" classname="com.testNG.Invocation_Multipletimes_TestNG"/>
  <testcase name="searchMobile" time="0.001" classname="com.testNG.Invocation_Multipletimes_TestNG"/>
  <testcase name="searchMobile" time="0.001" classname="com.testNG.Invocation_Multipletimes_TestNG"/>
</testsuite> <!-- com.testNG.Invocation_Multipletimes_TestNG -->
